Concaténation de /QRISdata/Q7250/raw/01-0015_386008_T_R_H5JJNDSX7_CCTCTACATG-AGGAGGTATC_R1*.fastq.gz
Concaténation de /QRISdata/Q7250/raw/01-0051_409375_T_R_22HM3TLT3_TCAGAAGGCG-GGCCATCATA_R1*.fastq.gz
Concaténation de /QRISdata/Q7250/raw/01-0074_405812_T_R_H2JN2DSXC_GCCATATAAC-GATATTGTGT_R1*.fastq.gz
Concaténation de /QRISdata/Q7250/raw/01-0079_406620_T_R_H2JTNDSXC_CTCGTAGGCA-AAGAGGATGA_R1*.fastq.gz
Concaténation de /QRISdata/Q7250/raw/02-0063_412343_T_R_22HWGCLT3_GAGGTTAGAC-AATGTATTGC_R1*.fastq.gz
Concaténation de /QRISdata/Q7250/raw/02-0063_412343_T_R_22HWH5LT3_GAGGTTAGAC-AATGTATTGC_R1*.fastq.gz
Concaténation de /QRISdata/Q7250/raw/02-0063_412343_T_R_22HYYMLT3_GAGGTTAGAC-AATGTATTGC_R1*.fastq.gz
Concaténation de /QRISdata/Q7250/raw/02-0093_420598_T_R_227CTJLT4_ATTGATACTG-TACACGCTCC_R1*.fastq.gz
Concaténation de /QRISdata/Q7250/raw/03-0017_408470_T_R_22HM3TLT3_TATGCCTTAC-AGACACATTA_R1*.fastq.gz
Concaténation de /QRISdata/Q7250/raw/04-0070_410882_T_R_22J2HKLT3_TTACGCACCT-GCTCTCGTTG_R1*.fastq.gz
Concaténation de /QRISdata/Q7250/raw/04-0097_420602_T_R_227CTJLT4_TGGTTCTCAT-CTCAAGGCCG_R1*.fastq.gz
Concaténation de /QRISdata/Q7250/raw/06-0015_392912_T_R_HHLMLDSX7_TCGTGCATTC-ATACCAACGC_R1*.fastq.gz
Concaténation de /QRISdata/Q7250/raw/06-0057_405805_T_R_H2JN2DSXC_CTTCAACCAC-AGGCGCATAA_R1*.fastq.gz
Concaténation de /QRISdata/Q7250/raw/06-0091_411809_T_R_22HWGTLT3_CTGAGCCGGT-CCTTCACGTA_R1*.fastq.gz
Concaténation de /QRISdata/Q7250/raw/06-0117_415663_T_R_22JLY5LT3_AAGTTCTAGT-GGTAAGATAA_R1*.fastq.gz
Concaténation de /QRISdata/Q7250/raw/06-0135_417862_T_R_22KLKMLT3_GTAACAATCT-CTCTGTATAC_R1*.fastq.gz
Concaténation de /QRISdata/Q7250/raw/07-0007_405807_T_R_H2JN2DSXC_TGAGTACAAC-GTCCAAGCGT_R1*.fastq.gz
Concaténation de /QRISdata/Q7250/raw/07-0007_405807_T_R_H2JTNDSXC_CAACTGCAAC-GTTGCGTTCA_R1*.fastq.gz
Concaténation de /QRISdata/Q7250/raw/07-0051_420099_T_R_22KKVMLT3_ACTAGCGCTA-TTACTTCCTC_R1*.fastq.gz
Concaténation de /QRISdata/Q7250/raw/08-0002_392661_T_R_HJ7VFDSX7_GGAGCGTGTA-ACTTACGGAT_R1*.fastq.gz
Concaténation de /QRISdata/Q7250/raw/08-0016_406412_T_R_H3W5NDSXC_TGCAATGAAT-TTACTTCTGG_R1*.fastq.gz
Concaténation de /QRISdata/Q7250/raw/210416_A01221_0035_ML212333_P009604_MAN-20210413_TSStrmRNA_R1*.fastq.gz
Concaténation de /QRISdata/Q7250/raw/210521_A01221_0042_ML212814_P006607_MAN-20210519_TSStrmRNA_R1*.fastq.gz
Concaténation de /QRISdata/Q7250/raw/concatened/01-0015_386008_T_R_H5JJNDSX7_CCTCTACATG-AGGAGGTATC/01-0015_386008_T_R_H5JJNDSX7_CCTCTACATG-AGGAGGTATC_R1.fastq.gz_R1*.fastq.gz
Concaténation de /QRISdata/Q7250/raw/concatened/01-0051_409375_T_R_22HM3TLT3_TCAGAAGGCG-GGCCATCATA/01-0051_409375_T_R_22HM3TLT3_TCAGAAGGCG-GGCCATCATA_R1.fastq.gz_R1*.fastq.gz
Concaténation de /QRISdata/Q7250/raw/concatened/01-0074_405812_T_R_H2JN2DSXC_GCCATATAAC-GATATTGTGT/01-0074_405812_T_R_H2JN2DSXC_GCCATATAAC-GATATTGTGT_R1.fastq.gz_R1*.fastq.gz
Concaténation de /QRISdata/Q7250/raw/concatened/01-0079_406620_T_R_H2JTNDSXC_CTCGTAGGCA-AAGAGGATGA/01-0079_406620_T_R_H2JTNDSXC_CTCGTAGGCA-AAGAGGATGA_R1.fastq.gz_R1*.fastq.gz
Concaténation de /QRISdata/Q7250/raw/concatened/02-0063_412343_T_R_22HWGCLT3_GAGGTTAGAC-AATGTATTGC/02-0063_412343_T_R_22HWGCLT3_GAGGTTAGAC-AATGTATTGC_R1.fastq.gz_R1*.fastq.gz
Concaténation de /QRISdata/Q7250/raw/concatened/02-0063_412343_T_R_22HWH5LT3_GAGGTTAGAC-AATGTATTGC/02-0063_412343_T_R_22HWH5LT3_GAGGTTAGAC-AATGTATTGC_R1.fastq.gz_R1*.fastq.gz
Concaténation de /QRISdata/Q7250/raw/concatened/02-0063_412343_T_R_22HYYMLT3_GAGGTTAGAC-AATGTATTGC/02-0063_412343_T_R_22HYYMLT3_GAGGTTAGAC-AATGTATTGC_R1.fastq.gz_R1*.fastq.gz
Concaténation de /QRISdata/Q7250/raw/concatened/02-0093_420598_T_R_227CTJLT4_ATTGATACTG-TACACGCTCC/02-0093_420598_T_R_227CTJLT4_ATTGATACTG-TACACGCTCC_R1.fastq.gz_R1*.fastq.gz
Concaténation de /QRISdata/Q7250/raw/concatened/03-0017_408470_T_R_22HM3TLT3_TATGCCTTAC-AGACACATTA/03-0017_408470_T_R_22HM3TLT3_TATGCCTTAC-AGACACATTA_R1.fastq.gz_R1*.fastq.gz
